proguard-project.txt
# ActionBarSherlock
-keep class android.support.v4.app.** { *; }
-keep interface android.support.v4.app.** { *; }
-keep class com.actionbarsherlock.** { *; }
-keep interface com.actionbarsherlock.** { *; }

# Keep line numbers to alleviate debugging stack traces
-renamesourcefileattribute SourceFile
-keepattributes SourceFile,LineNumberTable