proguard/seeds.txt
it.sineo.android.noFrillsCPUClassic.BootReceiver
it.sineo.android.noFrillsCPUClassic.R$drawable: int donate
it.sineo.android.noFrillsCPUClassic.R$drawable: int ic_launcher
it.sineo.android.noFrillsCPUClassic.R$drawable: int ic_notification
it.sineo.android.noFrillsCPUClassic.R$drawable: int ic_refresh
it.sineo.android.noFrillsCPUClassic.R$drawable: int ic_sort_asc
it.sineo.android.noFrillsCPUClassic.R$drawable: int ic_sort_desc
it.sineo.android.noFrillsCPUClassic.R$drawable: int icon
it.sineo.android.noFrillsCPUClassic.R$id: int about_faq_governors
it.sineo.android.noFrillsCPUClassic.R$id: int about_faq_profiles
it.sineo.android.noFrillsCPUClassic.R$id: int about_info_author
it.sineo.android.noFrillsCPUClassic.R$id: int about_info_extra
it.sineo.android.noFrillsCPUClassic.R$id: int about_info_homepage
it.sineo.android.noFrillsCPUClassic.R$id: int about_info_questions
it.sineo.android.noFrillsCPUClassic.R$id: int about_info_thanks
it.sineo.android.noFrillsCPUClassic.R$id: int about_info_version
it.sineo.android.noFrillsCPUClassic.R$id: int about_license
it.sineo.android.noFrillsCPUClassic.R$id: int btn_apply
it.sineo.android.noFrillsCPUClassic.R$id: int btn_exit
it.sineo.android.noFrillsCPUClassic.R$id: int btn_refresh_stats
it.sineo.android.noFrillsCPUClassic.R$id: int canvas
it.sineo.android.noFrillsCPUClassic.R$id: int changelog_container
it.sineo.android.noFrillsCPUClassic.R$id: int changelog_scrollview
it.sineo.android.noFrillsCPUClassic.R$id: int ckb_apply_on_boot
it.sineo.android.noFrillsCPUClassic.R$id: int donate_button
it.sineo.android.noFrillsCPUClassic.R$id: int grp_stats_header
it.sineo.android.noFrillsCPUClassic.R$id: int menu_details
it.sineo.android.noFrillsCPUClassic.R$id: int menu_prefs
it.sineo.android.noFrillsCPUClassic.R$id: int menu_refresh
it.sineo.android.noFrillsCPUClassic.R$id: int menu_send_info
it.sineo.android.noFrillsCPUClassic.R$id: int menu_view_stats
it.sineo.android.noFrillsCPUClassic.R$id: int sp_governor
it.sineo.android.noFrillsCPUClassic.R$layout: int about
it.sineo.android.noFrillsCPUClassic.R$layout: int about_faq
it.sineo.android.noFrillsCPUClassic.R$layout: int about_info
it.sineo.android.noFrillsCPUClassic.R$layout: int about_license
it.sineo.android.noFrillsCPUClassic.R$layout: int changelog_change
it.sineo.android.noFrillsCPUClassic.R$layout: int changelog_release
it.sineo.android.noFrillsCPUClassic.R$layout: int changelog_view
it.sineo.android.noFrillsCPUClassic.R$layout: int main
it.sineo.android.noFrillsCPUClassic.R$layout: int stats
it.sineo.android.noFrillsCPUClassic.R$layout: int stats_row
it.sineo.android.noFrillsCPUClassic.R$layout: int widget
it.sineo.android.noFrillsCPUClassic.R$menu: int main
it.sineo.android.noFrillsCPUClassic.R$menu: int stats
it.sineo.android.noFrillsCPUClassic.R$raw: int license
...
it.sineo.android.changelog.R$drawable: int donate
it.sineo.android.changelog.R$drawable: int ic_launcher
it.sineo.android.changelog.R$drawable: int ic_notification
it.sineo.android.changelog.R$drawable: int ic_refresh
it.sineo.android.changelog.R$drawable: int ic_sort_asc
it.sineo.android.changelog.R$drawable: int ic_sort_desc
it.sineo.android.changelog.R$drawable: int icon
it.sineo.android.changelog.R$id: int about_faq_governors
it.sineo.android.changelog.R$id: int about_faq_profiles
it.sineo.android.changelog.R$id: int about_info_author
it.sineo.android.changelog.R$id: int about_info_extra
it.sineo.android.changelog.R$id: int about_info_homepage
it.sineo.android.changelog.R$id: int about_info_questions
it.sineo.android.changelog.R$id: int about_info_thanks
it.sineo.android.changelog.R$id: int about_info_version
it.sineo.android.changelog.R$id: int about_license
it.sineo.android.changelog.R$id: int btn_apply
it.sineo.android.changelog.R$id: int btn_exit
it.sineo.android.changelog.R$id: int btn_refresh_stats
it.sineo.android.changelog.R$id: int canvas
it.sineo.android.changelog.R$id: int changelog_container
it.sineo.android.changelog.R$id: int changelog_scrollview
it.sineo.android.changelog.R$id: int ckb_apply_on_boot
it.sineo.android.changelog.R$id: int donate_button
it.sineo.android.changelog.R$id: int grp_stats_header
it.sineo.android.changelog.R$id: int menu_details
it.sineo.android.changelog.R$id: int menu_prefs
it.sineo.android.changelog.R$id: int menu_refresh
it.sineo.android.changelog.R$id: int menu_send_info
it.sineo.android.changelog.R$id: int menu_view_stats
it.sineo.android.changelog.R$id: int sp_governor
it.sineo.android.changelog.R$id: int sp_ioscheduler
it.sineo.android.changelog.R$id: int sp_max_freq
it.sineo.android.changelog.R$id: int sp_min_freq
it.sineo.android.changelog.R$id: int tv_cur_governor
it.sineo.android.changelog.R$layout: int about
it.sineo.android.changelog.R$layout: int about_faq
it.sineo.android.changelog.R$layout: int about_info
it.sineo.android.changelog.R$layout: int about_license
it.sineo.android.changelog.R$layout: int changelog_change
it.sineo.android.changelog.R$layout: int changelog_release
it.sineo.android.changelog.R$layout: int changelog_view
it.sineo.android.changelog.R$layout: int main
it.sineo.android.changelog.R$layout: int stats
it.sineo.android.changelog.R$layout: int stats_row
it.sineo.android.changelog.R$layout: int widget
it.sineo.android.changelog.R$menu: int main
it.sineo.android.changelog.R$menu: int stats
it.sineo.android.changelog.R$raw: int license