proguard/mapping.txt
it.sineo.android.noFrillsCPUClassic.BootReceiver -> it.sineo.android.noFrillsCPUClassic.BootReceiver:
    13:20:void onReceive(android.content.Context,android.content.Intent) -> onReceive
it.sineo.android.noFrillsCPUClassic.activity.AboutActivity -> it.sineo.android.noFrillsCPUClassic.activity.AboutActivity:
    android.widget.TabHost mTabHost -> a
    android.view.View tabInfo -> b
    android.view.View tabChangelog -> c
    android.view.View tabFaq -> d
    android.view.View tabLicense -> e
    40:42:void onRestoreInstanceState(android.os.Bundle) -> onRestoreInstanceState
    46:48:void onSaveInstanceState(android.os.Bundle) -> onSaveInstanceState
    52:77:void onCreate(android.os.Bundle) -> onCreate
    82:161:android.view.View createTabContent(java.lang.String) -> createTabContent
it.sineo.android.noFrillsCPUClassic.activity.AboutActivity$1 -> it.sineo.android.noFrillsCPUClassic.activity.a:
    it.sineo.android.noFrillsCPUClassic.activity.AboutActivity this$0 -> a
    118:120:void onClick(android.view.View) -> onClick
it.sineo.android.noFrillsCPUClassic.activity.MainActivity -> it.sineo.android.noFrillsCPUClassic.activity.MainActivity:
    android.widget.Button mBtnApply -> a
    android.widget.Button mBtnExit -> b
    android.widget.Spinner mSpnMinFreq -> c
    android.widget.Spinner mSpnMaxFreq -> d
    android.widget.Spinner mSpnGovernor -> e
    android.widget.Spinner mSpnIOScheduler -> f
    android.widget.TextView mTvCurMinFreq -> g
    android.widget.TextView mTvCurMaxFreq -> h
    android.widget.TextView mTvCurGovernor -> i
    android.widget.TextView mTvCurIOScheduler -> j
    android.widget.CheckBox mCkbApplyOnBoot -> k
    50:276:void onCreate(android.os.Bundle) -> onCreate
    280:285:boolean onCreateOptionsMenu(android.view.Menu) -> onCreateOptionsMenu
    290:310:boolean onOptionsItemSelected(android.view.MenuItem) -> onOptionsItemSelected
    315:345:void prepareAndSendEmail() -> a
    371:372:void displayAboutDialog() -> b
    38:38:android.widget.Spinner access$0(it.sineo.android.noFrillsCPUClassic.activity.MainActivity) -> a
    39:39:android.widget.Spinner access$1(it.sineo.android.noFrillsCPUClassic.activity.MainActivity) -> b
    40:40:android.widget.Spinner access$2(it.sineo.android.noFrillsCPUClassic.activity.MainActivity) -> c
    41:41:android.widget.Spinner access$3(it.sineo.android.noFrillsCPUClassic.activity.MainActivity) -> d
it.sineo.android.noFrillsCPUClassic.activity.MainActivity$1 -> it.sineo.android.noFrillsCPUClassic.activity.b:
    it.sineo.android.noFrillsCPUClassic.activity.MainActivity this$0 -> a
    60:61:void onClick(android.content.DialogInterface,int) -> onClick
it.sineo.android.noFrillsCPUClassic.activity.MainActivity$2 -> it.sineo.android.noFrillsCPUClassic.activity.c:
    it.sineo.android.noFrillsCPUClassic.activity.MainActivity this$0 -> a
    72:73:void onClick(android.content.DialogInterface,int) -> onClick
it.sineo.android.noFrillsCPUClassic.activity.MainActivity$3 -> it.sineo.android.noFrillsCPUClassic.activity.d:
    it.sineo.android.noFrillsCPUClassic.activity.MainActivity this$0 -> a
    77:79:void onClick(android.content.DialogInterface,int) -> onClick
it.sineo.android.noFrillsCPUClassic.activity.MainActivity$4 -> it.sineo.android.noFrillsCPUClassic.activity.e:
    it.sineo.android.noFrillsCPUClassic.activity.MainActivity this$0 -> a
    104:105:void onClick(android.view.View) -> onClick
it.sineo.android.noFrillsCPUClassic.activity.MainActivity$5 -> it.sineo.android.noFrillsCPUClassic.activity.f:
    it.sineo.android.noFrillsCPUClassic.activity.MainActivity this$0 -> a
    android.content.SharedPreferences val$prefs -> b
    113:116:void onCheckedChanged(android.widget.CompoundButton,boolean) -> onCheckedChanged
...
it.sineo.android.changelog.Change -> it.sineo.android.a.a:
    java.lang.String text -> a
    19:19:java.lang.String getText() -> a
it.sineo.android.changelog.Changelog -> it.sineo.android.a.b:
    java.util.List releases -> a
    13:13:java.util.List getReleases() -> a
it.sineo.android.changelog.ChangelogFactory -> it.sineo.android.a.c:
    java.text.SimpleDateFormat sdf -> a
    29:63:it.sineo.android.changelog.Changelog buildFromResource(android.content.Context,int) -> a
    67:67:android.view.View inflate(android.content.Context,int) -> b
    71:89:android.view.View inflate(android.content.Context,it.sineo.android.changelog.Changelog) -> a
it.sineo.android.changelog.R -> it.sineo.android.a.d:
it.sineo.android.changelog.R$id -> it.sineo.android.a.e:
    int about_faq_governors -> about_faq_governors
    int about_faq_profiles -> about_faq_profiles
    int about_info_author -> about_info_author
    int about_info_extra -> about_info_extra
    int about_info_homepage -> about_info_homepage
    int about_info_questions -> about_info_questions
    int about_info_thanks -> about_info_thanks
    int about_info_version -> about_info_version
    int about_license -> about_license
    int btn_apply -> btn_apply
    int btn_exit -> btn_exit
    int btn_refresh_stats -> btn_refresh_stats
    int canvas -> canvas
    int changelog_container -> changelog_container
    int changelog_scrollview -> changelog_scrollview
    int ckb_apply_on_boot -> ckb_apply_on_boot
    int donate_button -> donate_button
    int grp_stats_header -> grp_stats_header
    int menu_details -> menu_details
    int menu_prefs -> menu_prefs
    int menu_refresh -> menu_refresh
    int menu_send_info -> menu_send_info
    int menu_view_stats -> menu_view_stats
    int sp_governor -> sp_governor
    int sp_ioscheduler -> sp_ioscheduler
    int sp_max_freq -> sp_max_freq
    int sp_min_freq -> sp_min_freq
    int tv_cur_governor -> tv_cur_governor
    int tv_cur_ioscheduler -> tv_cur_ioscheduler
    int tv_cur_max_freq -> tv_cur_max_freq
    int tv_cur_min_freq -> tv_cur_min_freq
    int tv_governor -> tv_governor
    int tv_ioscheduler -> tv_ioscheduler
    int tv_max_freq -> tv_max_freq
it.sineo.android.changelog.R$layout -> it.sineo.android.a.f:
    int about -> about
    int about_faq -> about_faq
    int about_info -> about_info
    int about_license -> about_license
    int changelog_change -> changelog_change
    int changelog_release -> changelog_release
    int changelog_view -> changelog_view
    int main -> main
    int stats -> stats
    int stats_row -> stats_row
    int widget -> widget
it.sineo.android.changelog.Release -> it.sineo.android.a.g:
    java.lang.String version -> a
    java.util.Date date -> b
    java.util.List changes -> c
    16:16:java.util.List getChanges() -> a
    20:20:java.lang.String getVersion() -> b
    24:24:java.util.Date getDate() -> c
    28:29:void setVersion(java.lang.String) -> a
    32:33:void setDate(java.util.Date) -> a